<?xml version="1.0" encoding="UTF-8" ?>
<testsuite tests="25" failures="0" name="edu.uw.cs.FlightServiceTest" time="81.377" errors="0" skipped="0">
  <properties>
[...]
</properties>
  <testcase classname="edu.uw.cs.FlightServiceTest" name="runTest[0]" time="1.328"/>
  <testcase classname="edu.uw.cs.FlightServiceTest" name="runTest[1]" time="3.493"/>
  <testcase classname="edu.uw.cs.FlightServiceTest" name="runTest[2]" time="3.992"/>
  <testcase classname="edu.uw.cs.FlightServiceTest" name="runTest[3]" time="11.164"/>
  <testcase classname="edu.uw.cs.FlightServiceTest" name="runTest[4]" time="0.708"/>
  <testcase classname="edu.uw.cs.FlightServiceTest" name="runTest[5]" time="4.367"/>
  <testcase classname="edu.uw.cs.FlightServiceTest" name="runTest[6]" time="0.609"/>
  <testcase classname="edu.uw.cs.FlightServiceTest" name="runTest[7]" time="0.64"/>
  <testcase classname="edu.uw.cs.FlightServiceTest" name="runTest[8]" time="3.608"/>
  <testcase classname="edu.uw.cs.FlightServiceTest" name="runTest[9]" time="4.268"/>
  <testcase classname="edu.uw.cs.FlightServiceTest" name="runTest[10]" time="4.078"/>
  <testcase classname="edu.uw.cs.FlightServiceTest" name="runTest[11]" time="4.075"/>
  <testcase classname="edu.uw.cs.FlightServiceTest" name="runTest[12]" time="3.981"/>
  <testcase classname="edu.uw.cs.FlightServiceTest" name="runTest[13]" time="0.753"/>
  <testcase classname="edu.uw.cs.FlightServiceTest" name="runTest[14]" time="4.04"/>
  <testcase classname="edu.uw.cs.FlightServiceTest" name="runTest[15]" time="4.099"/>
  <testcase classname="edu.uw.cs.FlightServiceTest" name="runTest[16]" time="4.135"/>
  <testcase classname="edu.uw.cs.FlightServiceTest" name="runTest[17]" time="0.64"/>
  <testcase classname="edu.uw.cs.FlightServiceTest" name="runTest[18]" time="0.489"/>
  <testcase classname="edu.uw.cs.FlightServiceTest" name="runTest[19]" time="3.95"/>
  <testcase classname="edu.uw.cs.FlightServiceTest" name="runTest[20]" time="4.199"/>
  <testcase classname="edu.uw.cs.FlightServiceTest" name="runTest[21]" time="3.929"/>
  <testcase classname="edu.uw.cs.FlightServiceTest" name="runTest[22]" time="0.637"/>
  <testcase classname="edu.uw.cs.FlightServiceTest" name="runTest[23]" time="4.494"/>
  <testcase classname="edu.uw.cs.FlightServiceTest" name="runTest[24]" time="3.701"/>
</testsuite>